<?xml version="1.0" encoding="UTF-8" ?>
<testsuite failures="0" time="0.062" errors="0" skipped="0" tests="1" name="com.photon.phresco.service.TestCase">
  <properties>
    <property name="java.runtime.name" value="Java(TM) SE Runtime Environment"/>
    <property name="sun.boot.library.path" value="C:\Program Files\Java\jdk1.6.0_26\jre\bin"/>
    <property name="java.vm.version" value="20.1-b02"/>
    <property name="java.vm.vendor" value="Sun Microsystems Inc."/>
    <property name="java.vendor.url" value="http://java.sun.com/"/>
    <property name="path.separator" value=";"/>
    <property name="java.vm.name" value="Java HotSpot(TM) Client VM"/>
    <property name="file.encoding.pkg" value="sun.io"/>
    <property name="user.country" value="US"/>
    <property name="sun.java.launcher" value="SUN_STANDARD"/>
    <property name="sun.os.patch.level" value="Service Pack 3"/>
    <property name="java.vm.specification.name" value="Java Virtual Machine Specification"/>
    <property name="user.dir" value="D:\3.0 builds\phresco-framework-20000\workspace\projects\JqueryMutlichannel1"/>
    <property name="java.runtime.version" value="1.6.0_26-b03"/>
    <property name="java.awt.graphicsenv" value="sun.awt.Win32GraphicsEnvironment"/>
    <property name="basedir" value="D:\3.0 builds\phresco-framework-20000\workspace\projects\JqueryMutlichannel1"/>
    <property name="java.endorsed.dirs" value="C:\Program Files\Java\jdk1.6.0_26\jre\lib\endorsed"/>
    <property name="os.arch" value="x86"/>
    <property name="surefire.real.class.path" value="D:\3.0 builds\phresco-framework-20000\workspace\projects\JqueryMutlichannel1\do_not_checkin\target\surefire\surefirebooter854589918416417618.jar"/>
    <property name="java.io.tmpdir" value="C:\DOCUME~1\aruna_k\LOCALS~1\Temp\"/>
    <property name="line.separator" value="
"/>
    <property name="java.vm.specification.vendor" value="Sun Microsystems Inc."/>
    <property name="user.variant" value=""/>
    <property name="os.name" value="Windows XP"/>
    <property name="sun.jnu.encoding" value="Cp1252"/>
    <property name="java.library.path" value="C:\Program Files\Java\jdk1.6.0_26\jre\bin;C:\WINDOWS\Sun\Java\bin;C:\WINDOWS\system32;C:\WINDOWS;D:\3.0 builds\phresco-framework-20000\bin\..\tools\maven\bin;D:\3.0 builds\phresco-framework-20000\bin\..\bin;D:\3.0 builds\phresco-framework-20000\bin\..\workspace\tools\phantomjs-1.5.0-win32-static;C:\WINDOWS\system32;C:\WINDOWS;C:\WINDOWS\System32\Wbem;C:\WINDOWS\system32\WindowsPowerShell\v1.0;C:\wamp\bin\php\php5.3.5;C:\Program Files\Java\jdk1.6.0_26\bin;C:\apache-tomcat-7.0.26\bin;C:\Program Files\NodeJS;C:\Documents and Settings\aruna_k\My Documents\apache-maven-3.0.4-bin\apache-maven-3.0.4\bin;C:\wamp\bin\php\php5.3.5\bin;C:\Program Files\TortoiseSVN\bin;C:\Program Files\TortoiseGit\bin;c:\Program Files\Microsoft SQL Server\90\Tools\binn\;C:\Program Files\NUnit 2.6\bin;D:\Softwares\jboss-5.0.0.GA\bin;C:\Program Files\Git\bin;C:\android-sdk-windows\platform-tools;C:\mongodb-win32-i386-2.0.6\bin;C:\Program Files\NodeJS;;."/>
    <property name="surefire.test.class.path" value="D:\3.0 builds\phresco-framework-20000\workspace\projects\JqueryMutlichannel1\do_not_checkin\target\test-classes;D:\3.0 builds\phresco-framework-20000\workspace\projects\JqueryMutlichannel1\do_not_checkin\target\classes;D:\3.0 builds\phresco-framework-20000\bin\..\workspace\repo\junit\junit\4.7\junit-4.7.jar;D:\3.0 builds\phresco-framework-20000\bin\..\workspace\repo\com\google\code\gson\gson\1.7.2\gson-1.7.2.jar;"/>
    <property name="java.specification.name" value="Java Platform API Specification"/>
    <property name="java.class.version" value="50.0"/>
    <property name="sun.management.compiler" value="HotSpot Client Compiler"/>
    <property name="skipTests" value="false"/>
    <property name="os.version" value="5.1"/>
    <property name="user.home" value="C:\Documents and Settings\aruna_k"/>
    <property name="user.timezone" value=""/>
    <property name="java.awt.printerjob" value="sun.awt.windows.WPrinterJob"/>
    <property name="java.specification.version" value="1.6"/>
    <property name="file.encoding" value="Cp1252"/>
    <property name="maven.yuicompressor.skip" value="true"/>
    <property name="user.name" value="aruna_k"/>
    <property name="java.class.path" value="D:\3.0 builds\phresco-framework-20000\workspace\projects\JqueryMutlichannel1\do_not_checkin\target\test-classes;D:\3.0 builds\phresco-framework-20000\workspace\projects\JqueryMutlichannel1\do_not_checkin\target\classes;D:\3.0 builds\phresco-framework-20000\bin\..\workspace\repo\junit\junit\4.7\junit-4.7.jar;D:\3.0 builds\phresco-framework-20000\bin\..\workspace\repo\com\google\code\gson\gson\1.7.2\gson-1.7.2.jar;"/>
    <property name="java.vm.specification.version" value="1.0"/>
    <property name="sun.arch.data.model" value="32"/>
    <property name="java.home" value="C:\Program Files\Java\jdk1.6.0_26\jre"/>
    <property name="sun.java.command" value="D:\3.0 builds\phresco-framework-20000\workspace\projects\JqueryMutlichannel1\do_not_checkin\target\surefire\surefirebooter854589918416417618.jar D:\3.0 builds\phresco-framework-20000\workspace\projects\JqueryMutlichannel1\do_not_checkin\target\surefire\surefire801476877833096498tmp D:\3.0 builds\phresco-framework-20000\workspace\projects\JqueryMutlichannel1\do_not_checkin\target\surefire\surefire2633870065800443445tmp"/>
    <property name="java.specification.vendor" value="Sun Microsystems Inc."/>
    <property name="user.language" value="en"/>
    <property name="awt.toolkit" value="sun.awt.windows.WToolkit"/>
    <property name="java.vm.info" value="mixed mode, sharing"/>
    <property name="java.version" value="1.6.0_26"/>
    <property name="java.ext.dirs" value="C:\Program Files\Java\jdk1.6.0_26\jre\lib\ext;C:\WINDOWS\Sun\Java\lib\ext"/>
    <property name="sun.boot.class.path" value="C:\Program Files\Java\jdk1.6.0_26\jre\lib\resources.jar;C:\Program Files\Java\jdk1.6.0_26\jre\lib\rt.jar;C:\Program Files\Java\jdk1.6.0_26\jre\lib\sunrsasign.jar;C:\Program Files\Java\jdk1.6.0_26\jre\lib\jsse.jar;C:\Program Files\Java\jdk1.6.0_26\jre\lib\jce.jar;C:\Program Files\Java\jdk1.6.0_26\jre\lib\charsets.jar;C:\Program Files\Java\jdk1.6.0_26\jre\lib\modules\jdk.boot.jar;C:\Program Files\Java\jdk1.6.0_26\jre\classes"/>
    <property name="java.vendor" value="Sun Microsystems Inc."/>
    <property name="localRepository" value="D:\3.0 builds\phresco-framework-20000\bin\..\workspace\repo"/>
    <property name="file.separator" value="\"/>
    <property name="java.vendor.url.bug" value="http://java.sun.com/cgi-bin/bugreport.cgi"/>
    <property name="sun.cpu.endian" value="little"/>
    <property name="sun.io.unicode.encoding" value="UnicodeLittle"/>
    <property name="sun.desktop" value="windows"/>
    <property name="sun.cpu.isalist" value="pentium_pro+mmx pentium_pro pentium+mmx pentium i486 i386 i86"/>
  </properties>
  <testcase time="0" classname="com.photon.phresco.service.TestCase" name="hello"/>
</testsuite>